This is pdfTeX, Version 3.141592653-2.6-1.40.26 (MiKTeX 24.4) (preloaded format=pdflatex 2024.11.7)  21 JAN 2025 16:26
entering extended mode
 restricted \write18 enabled.
 file:line:error style messages enabled.
 %&-line parsing enabled.
**"c:/Users/Marti/Documents/MyAnimeCollection_DAW/Relat贸rios/Relat贸rio 23917/Relatorio.tex"
(c:/Users/Marti/Documents/MyAnimeCollection_DAW/Relat贸rios/Relat贸rio 23917/Relatorio.tex
LaTeX2e <2024-06-01> patch level 2
L3 programming layer <2024-10-09>
(C:\Users\Marti\AppData\Local\Programs\MiKTeX\tex/latex/base\article.cls
Document Class: article 2024/02/08 v1.4n Standard LaTeX document class
(C:\Users\Marti\AppData\Local\Programs\MiKTeX\tex/latex/base\size10.clo
File: size10.clo 2024/02/08 v1.4n Standard LaTeX file (size option)
)
\c@part=\count194
\c@section=\count195
\c@subsection=\count196
\c@subsubsection=\count197
\c@paragraph=\count198
\c@subparagraph=\count199
\c@figure=\count266
\c@table=\count267
\abovecaptionskip=\skip49
\belowcaptionskip=\skip50
\bibindent=\dimen141
) (C:\Users\Marti\AppData\Local\Programs\MiKTeX\tex/latex/base\inputenc.sty
Package: inputenc 2024/02/08 v1.3d Input encoding file
\inpenc@prehook=\toks17
\inpenc@posthook=\toks18
) (C:\Users\Marti\AppData\Local\Programs\MiKTeX\tex/generic/babel\babel.sty
Package: babel 2024/10/20 v24.12 The multilingual framework for pdfLaTeX, LuaLaTeX and XeLaTeX
\babel@savecnt=\count268
\U@D=\dimen142
\l@unhyphenated=\language79
 (C:\Users\Marti\AppData\Local\Programs\MiKTeX\tex/generic/babel\txtbabel.def)
\bbl@readstream=\read2
\bbl@dirlevel=\count269

*************************************
* Local config file bblopts.cfg used
*
(C:\Users\Marti\AppData\Local\Programs\MiKTeX\tex/latex/arabi\bblopts.cfg
File: bblopts.cfg 2005/09/08 v0.1 add Arabic and Farsi to "declared" options of babel
) (C:\Users\Marti\AppData\Local\Programs\MiKTeX\tex/latex/babel-portuges\portuguese.ldf
Language: portuges 2021/07/09 v1.2t Portuguese support from the babel system
Package babel Info: Making " an active character on input line 143.
)) (C:\Users\Marti\AppData\Local\Programs\MiKTeX\tex/generic/babel/locale/pt\babel-portuguese.tex
Package babel Info: Importing font and identification data for portuguese
(babel)             from babel-pt.ini. Reported on input line 11.
) (C:\Users\Marti\AppData\Local\Programs\MiKTeX\tex/latex/graphics\graphicx.sty
Package: graphicx 2021/09/16 v1.2d Enhanced LaTeX Graphics (DPC,SPQR)
 (C:\Users\Marti\AppData\Local\Programs\MiKTeX\tex/latex/graphics\keyval.sty
Package: keyval 2022/05/29 v1.15 key=value parser (DPC)
\KV@toks@=\toks19
) (C:\Users\Marti\AppData\Local\Programs\MiKTeX\tex/latex/graphics\graphics.sty
Package: graphics 2024/05/23 v1.4g Standard LaTeX Graphics (DPC,SPQR)
 (C:\Users\Marti\AppData\Local\Programs\MiKTeX\tex/latex/graphics\trig.sty
Package: trig 2023/12/02 v1.11 sin cos tan (DPC)
) (C:\Users\Marti\AppData\Local\Programs\MiKTeX\tex/latex/graphics-cfg\graphics.cfg
File: graphics.cfg 2016/06/04 v1.11 sample graphics configuration
)
Package graphics Info: Driver file: pdftex.def on input line 106.
 (C:\Users\Marti\AppData\Local\Programs\MiKTeX\tex/latex/graphics-def\pdftex.def
File: pdftex.def 2024/04/13 v1.2c Graphics/color driver for pdftex
))
\Gin@req@height=\dimen143
\Gin@req@width=\dimen144
) (C:\Users\Marti\AppData\Local\Programs\MiKTeX\tex/latex/hyperref\hyperref.sty
Package: hyperref 2024-07-10 v7.01j Hypertext links for LaTeX
 (C:\Users\Marti\AppData\Local\Programs\MiKTeX\tex/generic/iftex\iftex.sty
Package: iftex 2022/02/03 v1.0f TeX engine tests
) (C:\Users\Marti\AppData\Local\Programs\MiKTeX\tex/latex/kvsetkeys\kvsetkeys.sty
Package: kvsetkeys 2022-10-05 v1.19 Key value parser (HO)
) (C:\Users\Marti\AppData\Local\Programs\MiKTeX\tex/generic/kvdefinekeys\kvdefinekeys.sty
Package: kvdefinekeys 2019-12-19 v1.6 Define keys (HO)
) (C:\Users\Marti\AppData\Local\Programs\MiKTeX\tex/generic/pdfescape\pdfescape.sty
Package: pdfescape 2019/12/09 v1.15 Implements pdfTeX's escape features (HO)
 (C:\Users\Marti\AppData\Local\Programs\MiKTeX\tex/generic/ltxcmds\ltxcmds.sty
Package: ltxcmds 2023-12-04 v1.26 LaTeX kernel commands for general use (HO)
) (C:\Users\Marti\AppData\Local\Programs\MiKTeX\tex/generic/pdftexcmds\pdftexcmds.sty
Package: pdftexcmds 2020-06-27 v0.33 Utility functions of pdfTeX for LuaTeX (HO)
 (C:\Users\Marti\AppData\Local\Programs\MiKTeX\tex/generic/infwarerr\infwarerr.sty
Package: infwarerr 2019/12/03 v1.5 Providing info/warning/error messages (HO)
)
Package pdftexcmds Info: \pdf@primitive is available.
Package pdftexcmds Info: \pdf@ifprimitive is available.
Package pdftexcmds Info: \pdfdraftmode found.
)) (C:\Users\Marti\AppData\Local\Programs\MiKTeX\tex/latex/hycolor\hycolor.sty
Package: hycolor 2020-01-27 v1.10 Color options for hyperref/bookmark (HO)
) (C:\Users\Marti\AppData\Local\Programs\MiKTeX\tex/latex/hyperref\nameref.sty
Package: nameref 2023-11-26 v2.56 Cross-referencing by name of section
 (C:\Users\Marti\AppData\Local\Programs\MiKTeX\tex/latex/refcount\refcount.sty
Package: refcount 2019/12/15 v3.6 Data extraction from label references (HO)
) (C:\Users\Marti\AppData\Local\Programs\MiKTeX\tex/generic/gettitlestring\gettitlestring.sty
Package: gettitlestring 2019/12/15 v1.6 Cleanup title references (HO)
 (C:\Users\Marti\AppData\Local\Programs\MiKTeX\tex/latex/kvoptions\kvoptions.sty
Package: kvoptions 2022-06-15 v3.15 Key value format for package options (HO)
))
\c@section@level=\count270
) (C:\Users\Marti\AppData\Local\Programs\MiKTeX\tex/latex/etoolbox\etoolbox.sty
Package: etoolbox 2020/10/05 v2.5k e-TeX tools for LaTeX (JAW)
\etb@tempcnta=\count271
) (C:\Users\Marti\AppData\Local\Programs\MiKTeX\tex/generic/stringenc\stringenc.sty
Package: stringenc 2019/11/29 v1.12 Convert strings between diff. encodings (HO)
)
\@linkdim=\dimen145
\Hy@linkcounter=\count272
\Hy@pagecounter=\count273
 (C:\Users\Marti\AppData\Local\Programs\MiKTeX\tex/latex/hyperref\pd1enc.def
File: pd1enc.def 2024-07-10 v7.01j Hyperref: PDFDocEncoding definition (HO)
Now handling font encoding PD1 ...
... no UTF-8 mapping file for font encoding PD1
) (C:\Users\Marti\AppData\Local\Programs\MiKTeX\tex/generic/intcalc\intcalc.sty
Package: intcalc 2019/12/15 v1.3 Expandable calculations with integers (HO)
)
\Hy@SavedSpaceFactor=\count274
 (C:\Users\Marti\AppData\Local\Programs\MiKTeX\tex/latex/hyperref\puenc.def
File: puenc.def 2024-07-10 v7.01j Hyperref: PDF Unicode definition (HO)
Now handling font encoding PU ...
... no UTF-8 mapping file for font encoding PU
)
Package hyperref Info: Hyper figures OFF on input line 4157.
Package hyperref Info: Link nesting OFF on input line 4162.
Package hyperref Info: Hyper index ON on input line 4165.
Package hyperref Info: Plain pages OFF on input line 4172.
Package hyperref Info: Backreferencing OFF on input line 4177.
Package hyperref Info: Implicit mode ON; LaTeX internals redefined.
Package hyperref Info: Bookmarks ON on input line 4424.
\c@Hy@tempcnt=\count275
 (C:\Users\Marti\AppData\Local\Programs\MiKTeX\tex/latex/url\url.sty
\Urlmuskip=\muskip17
Package: url 2013/09/16  ver 3.4  Verb mode for urls, etc.
)
LaTeX Info: Redefining \url on input line 4763.
\XeTeXLinkMargin=\dimen146
 (C:\Users\Marti\AppData\Local\Programs\MiKTeX\tex/generic/bitset\bitset.sty
Package: bitset 2019/12/09 v1.3 Handle bit-vector datatype (HO)
 (C:\Users\Marti\AppData\Local\Programs\MiKTeX\tex/generic/bigintcalc\bigintcalc.sty
Package: bigintcalc 2019/12/15 v1.5 Expandable calculations on big integers (HO)
))
\Fld@menulength=\count276
\Field@Width=\dimen147
\Fld@charsize=\dimen148
Package hyperref Info: Hyper figures OFF on input line 6042.
Package hyperref Info: Link nesting OFF on input line 6047.
Package hyperref Info: Hyper index ON on input line 6050.
Package hyperref Info: backreferencing OFF on input line 6057.
Package hyperref Info: Link coloring OFF on input line 6062.
Package hyperref Info: Link coloring with OCG OFF on input line 6067.
Package hyperref Info: PDF/A mode OFF on input line 6072.
 (C:\Users\Marti\AppData\Local\Programs\MiKTeX\tex/latex/base\atbegshi-ltx.sty
Package: atbegshi-ltx 2021/01/10 v1.0c Emulation of the original atbegshi
package with kernel methods
)
\Hy@abspage=\count277
\c@Item=\count278
\c@Hfootnote=\count279
)
Package hyperref Info: Driver (autodetected): hpdftex.
 (C:\Users\Marti\AppData\Local\Programs\MiKTeX\tex/latex/hyperref\hpdftex.def
File: hpdftex.def 2024-07-10 v7.01j Hyperref driver for pdfTeX
 (C:\Users\Marti\AppData\Local\Programs\MiKTeX\tex/latex/base\atveryend-ltx.sty
Package: atveryend-ltx 2020/08/19 v1.0a Emulation of the original atveryend package
with kernel methods
)
\Fld@listcount=\count280
\c@bookmark@seq@number=\count281
 (C:\Users\Marti\AppData\Local\Programs\MiKTeX\tex/latex/rerunfilecheck\rerunfilecheck.sty
Package: rerunfilecheck 2022-07-10 v1.10 Rerun checks for auxiliary files (HO)
 (C:\Users\Marti\AppData\Local\Programs\MiKTeX\tex/generic/uniquecounter\uniquecounter.sty
Package: uniquecounter 2019/12/15 v1.4 Provide unlimited unique counter (HO)
)
Package uniquecounter Info: New unique counter `rerunfilecheck' on input line 285.
)
\Hy@SectionHShift=\skip51
) (C:\Users\Marti\AppData\Local\Programs\MiKTeX\tex/latex/csquotes\csquotes.sty
Package: csquotes 2024-04-04 v5.2o context-sensitive quotations (JAW)
\csq@reset=\count282
\csq@gtype=\count283
\csq@glevel=\count284
\csq@qlevel=\count285
\csq@maxlvl=\count286
\csq@tshold=\count287
\csq@ltx@everypar=\toks20
 (C:\Users\Marti\AppData\Local\Programs\MiKTeX\tex/latex/csquotes\csquotes.def
File: csquotes.def 2024-04-04 v5.2o csquotes generic definitions (JAW)
)
Package csquotes Info: Trying to load configuration file 'csquotes.cfg'...
Package csquotes Info: ... configuration file loaded successfully.
 (C:\Users\Marti\AppData\Local\Programs\MiKTeX\tex/latex/csquotes\csquotes.cfg
File: csquotes.cfg 
)) (C:\Users\Marti\AppData\Local\Programs\MiKTeX\tex/latex/amsmath\amsmath.sty
Package: amsmath 2024/05/23 v2.17q AMS math features
\@mathmargin=\skip52

For additional information on amsmath, use the `?' option.
(C:\Users\Marti\AppData\Local\Programs\MiKTeX\tex/latex/amsmath\amstext.sty
Package: amstext 2021/08/26 v2.01 AMS text
 (C:\Users\Marti\AppData\Local\Programs\MiKTeX\tex/latex/amsmath\amsgen.sty
File: amsgen.sty 1999/11/30 v2.0 generic functions
\@emptytoks=\toks21
\ex@=\dimen149
)) (C:\Users\Marti\AppData\Local\Programs\MiKTeX\tex/latex/amsmath\amsbsy.sty
Package: amsbsy 1999/11/29 v1.2d Bold Symbols
\pmbraise@=\dimen150
) (C:\Users\Marti\AppData\Local\Programs\MiKTeX\tex/latex/amsmath\amsopn.sty
Package: amsopn 2022/04/08 v2.04 operator names
)
\inf@bad=\count288
LaTeX Info: Redefining \frac on input line 233.
\uproot@=\count289
\leftroot@=\count290
LaTeX Info: Redefining \overline on input line 398.
LaTeX Info: Redefining \colon on input line 409.
\classnum@=\count291
\DOTSCASE@=\count292
LaTeX Info: Redefining \ldots on input line 495.
LaTeX Info: Redefining \dots on input line 498.
LaTeX Info: Redefining \cdots on input line 619.
\Mathstrutbox@=\box52
\strutbox@=\box53
LaTeX Info: Redefining \big on input line 721.
LaTeX Info: Redefining \Big on input line 722.
LaTeX Info: Redefining \bigg on input line 723.
LaTeX Info: Redefining \Bigg on input line 724.
\big@size=\dimen151
LaTeX Font Info:    Redeclaring font encoding OML on input line 742.
LaTeX Font Info:    Redeclaring font encoding OMS on input line 743.
\macc@depth=\count293
LaTeX Info: Redefining \bmod on input line 904.
LaTeX Info: Redefining \pmod on input line 909.
LaTeX Info: Redefining \smash on input line 939.
LaTeX Info: Redefining \relbar on input line 969.
LaTeX Info: Redefining \Relbar on input line 970.
\c@MaxMatrixCols=\count294
\dotsspace@=\muskip18
\c@parentequation=\count295
\dspbrk@lvl=\count296
\tag@help=\toks22
\row@=\count297
\column@=\count298
\maxfields@=\count299
\andhelp@=\toks23
\eqnshift@=\dimen152
\alignsep@=\dimen153
\tagshift@=\dimen154
\tagwidth@=\dimen155
\totwidth@=\dimen156
\lineht@=\dimen157
\@envbody=\toks24
\multlinegap=\skip53
\multlinetaggap=\skip54
\mathdisplay@stack=\toks25
LaTeX Info: Redefining \[ on input line 2953.
LaTeX Info: Redefining \] on input line 2954.
) (C:\Users\Marti\AppData\Local\Programs\MiKTeX\tex/latex/titlesec\titlesec.sty
Package: titlesec 2025/01/04 v2.17 Sectioning titles
\ttl@box=\box54
\beforetitleunit=\skip55
\aftertitleunit=\skip56
\ttl@plus=\dimen158
\ttl@minus=\dimen159
\ttl@toksa=\toks26
\titlewidth=\dimen160
\titlewidthlast=\dimen161
\titlewidthfirst=\dimen162
) (C:\Users\Marti\AppData\Local\Programs\MiKTeX\tex/latex/tools\tabularx.sty
Package: tabularx 2023/12/11 v2.12a `tabularx' package (DPC)
 (C:\Users\Marti\AppData\Local\Programs\MiKTeX\tex/latex/tools\array.sty
Package: array 2024/06/14 v2.6d Tabular extension package (FMi)
\col@sep=\dimen163
\ar@mcellbox=\box55
\extrarowheight=\dimen164
\NC@list=\toks27
\extratabsurround=\skip57
\backup@length=\skip58
\ar@cellbox=\box56
)
\TX@col@width=\dimen165
\TX@old@table=\dimen166
\TX@old@col=\dimen167
\TX@target=\dimen168
\TX@delta=\dimen169
\TX@cols=\count300
\TX@ftn=\toks28
) (C:\Users\Marti\AppData\Local\Programs\MiKTeX\tex/latex/float\float.sty
Package: float 2001/11/08 v1.3d Float enhancements (AL)
\c@float@type=\count301
\float@exts=\toks29
\float@box=\box57
\@float@everytoks=\toks30
\@floatcapt=\box58
) (C:\Users\Marti\AppData\Local\Programs\MiKTeX\tex/latex/xcolor\xcolor.sty
Package: xcolor 2024/09/29 v3.02 LaTeX color extensions (UK)
 (C:\Users\Marti\AppData\Local\Programs\MiKTeX\tex/latex/graphics-cfg\color.cfg
File: color.cfg 2016/01/02 v1.6 sample color configuration
)
Package xcolor Info: Driver file: pdftex.def on input line 274.
 (C:\Users\Marti\AppData\Local\Programs\MiKTeX\tex/latex/graphics\mathcolor.ltx)
Package xcolor Info: Model `cmy' substituted by `cmy0' on input line 1349.
Package xcolor Info: Model `hsb' substituted by `rgb' on input line 1353.
Package xcolor Info: Model `RGB' extended on input line 1365.
Package xcolor Info: Model `HTML' substituted by `rgb' on input line 1367.
Package xcolor Info: Model `Hsb' substituted by `hsb' on input line 1368.
Package xcolor Info: Model `tHsb' substituted by `hsb' on input line 1369.
Package xcolor Info: Model `HSB' substituted by `hsb' on input line 1370.
Package xcolor Info: Model `Gray' substituted by `gray' on input line 1371.
Package xcolor Info: Model `wave' substituted by `hsb' on input line 1372.
) (C:\Users\Marti\AppData\Local\Programs\MiKTeX\tex/latex/colortbl\colortbl.sty
Package: colortbl 2024/07/06 v1.0i Color table columns (DPC)
\everycr=\toks31
\minrowclearance=\skip59
\rownum=\count302
) (C:\Users\Marti\AppData\Local\Programs\MiKTeX\tex/latex/adjustbox\adjustbox.sty
Package: adjustbox 2022/10/17 v1.3a Adjusting TeX boxes (trim, clip, ...)
 (C:\Users\Marti\AppData\Local\Programs\MiKTeX\tex/latex/xkeyval\xkeyval.sty
Package: xkeyval 2022/06/16 v2.9 package option processing (HA)
 (C:\Users\Marti\AppData\Local\Programs\MiKTeX\tex/generic/xkeyval\xkeyval.tex (C:\Users\Marti\AppData\Local\Programs\MiKTeX\tex/generic/xkeyval\xkvutils.tex
\XKV@toks=\toks32
\XKV@tempa@toks=\toks33
)
\XKV@depth=\count303
File: xkeyval.tex 2014/12/03 v2.7a key=value parser (HA)
)) (C:\Users\Marti\AppData\Local\Programs\MiKTeX\tex/latex/adjustbox\adjcalc.sty
Package: adjcalc 2012/05/16 v1.1 Provides advanced setlength with multiple back-ends (calc, etex, pgfmath)
) (C:\Users\Marti\AppData\Local\Programs\MiKTeX\tex/latex/adjustbox\trimclip.sty
Package: trimclip 2020/08/19 v1.2 Trim and clip general TeX material
 (C:\Users\Marti\AppData\Local\Programs\MiKTeX\tex/latex/collectbox\collectbox.sty
Package: collectbox 2022/10/17 v0.4c Collect macro arguments as boxes
\collectedbox=\box59
)
\tc@llx=\dimen170
\tc@lly=\dimen171
\tc@urx=\dimen172
\tc@ury=\dimen173
Package trimclip Info: Using driver 'tc-pdftex.def'.
 (C:\Users\Marti\AppData\Local\Programs\MiKTeX\tex/latex/adjustbox\tc-pdftex.def
File: tc-pdftex.def 2019/01/04 v2.2 Clipping driver for pdftex
))
\adjbox@Width=\dimen174
\adjbox@Height=\dimen175
\adjbox@Depth=\dimen176
\adjbox@Totalheight=\dimen177
\adjbox@pwidth=\dimen178
\adjbox@pheight=\dimen179
\adjbox@pdepth=\dimen180
\adjbox@ptotalheight=\dimen181
 (C:\Users\Marti\AppData\Local\Programs\MiKTeX\tex/latex/ifoddpage\ifoddpage.sty
Package: ifoddpage 2022/10/18 v1.2 Conditionals for odd/even page detection
\c@checkoddpage=\count304
) (C:\Users\Marti\AppData\Local\Programs\MiKTeX\tex/latex/varwidth\varwidth.sty
Package: varwidth 2009/03/30 ver 0.92;  Variable-width minipages
\@vwid@box=\box60
\sift@deathcycles=\count305
\@vwid@loff=\dimen182
\@vwid@roff=\dimen183
)) (C:\Users\Marti\AppData\Local\Programs\MiKTeX\tex/latex/biblatex\biblatex.sty
Package: biblatex 2024/03/21 v3.20 programmable bibliographies (PK/MW)
 (C:\Users\Marti\AppData\Local\Programs\MiKTeX\tex/latex/logreq\logreq.sty
Package: logreq 2010/08/04 v1.0 xml request logger
\lrq@indent=\count306
 (C:\Users\Marti\AppData\Local\Programs\MiKTeX\tex/latex/logreq\logreq.def
File: logreq.def 2010/08/04 v1.0 logreq spec v1.0
)) (C:\Users\Marti\AppData\Local\Programs\MiKTeX\tex/latex/base\ifthen.sty
Package: ifthen 2024/03/16 v1.1e Standard LaTeX ifthen package (DPC)
)
\c@tabx@nest=\count307
\c@listtotal=\count308
\c@listcount=\count309
\c@liststart=\count310
\c@liststop=\count311
\c@citecount=\count312
\c@citetotal=\count313
\c@multicitecount=\count314
\c@multicitetotal=\count315
\c@instcount=\count316
\c@maxnames=\count317
\c@minnames=\count318
\c@maxitems=\count319
\c@minitems=\count320
\c@citecounter=\count321
\c@maxcitecounter=\count322
\c@savedcitecounter=\count323
\c@uniquelist=\count324
\c@uniquename=\count325
\c@refsection=\count326
\c@refsegment=\count327
\c@maxextratitle=\count328
\c@maxextratitleyear=\count329
\c@maxextraname=\count330
\c@maxextradate=\count331
\c@maxextraalpha=\count332
\c@abbrvpenalty=\count333
\c@highnamepenalty=\count334
\c@lownamepenalty=\count335
\c@maxparens=\count336
\c@parenlevel=\count337
\blx@tempcnta=\count338
\blx@tempcntb=\count339
\blx@tempcntc=\count340
\c@blx@maxsection=\count341
\blx@maxsegment@0=\count342
\blx@notetype=\count343
\blx@parenlevel@text=\count344
\blx@parenlevel@foot=\count345
\blx@sectionciteorder@0=\count346
\blx@sectionciteorderinternal@0=\count347
\blx@entrysetcounter=\count348
\blx@biblioinstance=\count349
\labelnumberwidth=\skip60
\labelalphawidth=\skip61
\biblabelsep=\skip62
\bibitemsep=\skip63
\bibnamesep=\skip64
\bibinitsep=\skip65
\bibparsep=\skip66
\bibhang=\skip67
\blx@bcfin=\read3
\blx@bcfout=\write3
\blx@langwohyphens=\language80
\c@mincomprange=\count350
\c@maxcomprange=\count351
\c@mincompwidth=\count352
Package biblatex Info: Trying to load biblatex default data model...
Package biblatex Info: ... file 'blx-dm.def' found.
 (C:\Users\Marti\AppData\Local\Programs\MiKTeX\tex/latex/biblatex\blx-dm.def
File: blx-dm.def 2024/03/21 v3.20 biblatex datamodel (PK/MW)
)
Package biblatex Info: Trying to load biblatex style data model...
Package biblatex Info: ... file 'apa.dbx' found.
 (C:\Users\Marti\AppData\Local\Programs\MiKTeX\tex/latex/biblatex-apa\apa.dbx
File: apa.dbx 2023/03/20 v9.17 APA biblatex style data model
)
Package biblatex Info: Trying to load biblatex custom data model...
Package biblatex Info: ... file 'biblatex-dm.cfg' not found.
\c@afterword=\count353
\c@savedafterword=\count354
\c@annotator=\count355
\c@savedannotator=\count356
\c@author=\count357
\c@savedauthor=\count358
\c@bookauthor=\count359
\c@savedbookauthor=\count360
\c@commentator=\count361
\c@savedcommentator=\count362
\c@editor=\count363
\c@savededitor=\count364
\c@editora=\count365
\c@savededitora=\count366
\c@editorb=\count367
\c@savededitorb=\count368
\c@editorc=\count369
\c@savededitorc=\count370
\c@foreword=\count371
\c@savedforeword=\count372
\c@holder=\count373
\c@savedholder=\count374
\c@introduction=\count375
\c@savedintroduction=\count376
\c@namea=\count377
\c@savednamea=\count378
\c@nameb=\count379
\c@savednameb=\count380
\c@namec=\count381
\c@savednamec=\count382
\c@translator=\count383
\c@savedtranslator=\count384
\c@shortauthor=\count385
\c@savedshortauthor=\count386
\c@shorteditor=\count387
\c@savedshorteditor=\count388
\c@narrator=\count389
\c@savednarrator=\count390
\c@execproducer=\count391
\c@savedexecproducer=\count392
\c@execdirector=\count393
\c@savedexecdirector=\count394
\c@with=\count395
\c@savedwith=\count396
\c@labelname=\count397
\c@savedlabelname=\count398
\c@institution=\count399
\c@savedinstitution=\count400
\c@lista=\count401
\c@savedlista=\count402
\c@listb=\count403
\c@savedlistb=\count404
\c@listc=\count405
\c@savedlistc=\count406
\c@listd=\count407
\c@savedlistd=\count408
\c@liste=\count409
\c@savedliste=\count410
\c@listf=\count411
\c@savedlistf=\count412
\c@location=\count413
\c@savedlocation=\count414
\c@organization=\count415
\c@savedorganization=\count416
\c@origlocation=\count417
\c@savedoriglocation=\count418
\c@origpublisher=\count419
\c@savedorigpublisher=\count420
\c@publisher=\count421
\c@savedpublisher=\count422
\c@language=\count423
\c@savedlanguage=\count424
\c@origlanguage=\count425
\c@savedoriglanguage=\count426
\c@citation=\count427
\c@savedcitation=\count428
\c@pageref=\count429
\c@savedpageref=\count430
\shorthandwidth=\skip68
\shortjournalwidth=\skip69
\shortserieswidth=\skip70
\shorttitlewidth=\skip71
\shortauthorwidth=\skip72
\shorteditorwidth=\skip73
\locallabelnumberwidth=\skip74
\locallabelalphawidth=\skip75
\localshorthandwidth=\skip76
\localshortjournalwidth=\skip77
\localshortserieswidth=\skip78
\localshorttitlewidth=\skip79
\localshortauthorwidth=\skip80
\localshorteditorwidth=\skip81
Package biblatex Info: Trying to load compatibility code...
Package biblatex Info: ... file 'blx-compat.def' found.
 (C:\Users\Marti\AppData\Local\Programs\MiKTeX\tex/latex/biblatex\blx-compat.def
File: blx-compat.def 2024/03/21 v3.20 biblatex compatibility (PK/MW)
)
Package biblatex Info: Trying to load generic definitions...
Package biblatex Info: ... file 'biblatex.def' found.
 (C:\Users\Marti\AppData\Local\Programs\MiKTeX\tex/latex/biblatex\biblatex.def
File: biblatex.def 2024/03/21 v3.20 biblatex compatibility (PK/MW)
\c@textcitecount=\count431
\c@textcitetotal=\count432
\c@textcitemaxnames=\count433
\c@biburlbigbreakpenalty=\count434
\c@biburlbreakpenalty=\count435
\c@biburlnumpenalty=\count436
\c@biburlucpenalty=\count437
\c@biburllcpenalty=\count438
\biburlbigskip=\muskip19
\biburlnumskip=\muskip20
\biburlucskip=\muskip21
\biburllcskip=\muskip22
\c@smartand=\count439
)
Package biblatex Info: Trying to load bibliography style 'apa'...
Package biblatex Info: ... file 'apa.bbx' found.
 (C:\Users\Marti\AppData\Local\Programs\MiKTeX\tex/latex/biblatex-apa\apa.bbx
File: apa.bbx 2023/03/20 v9.17 APA biblatex references style
Package biblatex Info: Trying to load bibliography style 'standard'...
Package biblatex Info: ... file 'standard.bbx' found.
 (C:\Users\Marti\AppData\Local\Programs\MiKTeX\tex/latex/biblatex/bbx\standard.bbx
File: standard.bbx 2024/03/21 v3.20 biblatex bibliography style (PK/MW)
\c@bbx:relatedcount=\count440
\c@bbx:relatedtotal=\count441
)
Package biblatex Info: Delimiter 'nameyeardelim' in context 'bib' already defined, overwriting.
Package biblatex Info: Delimiter 'nameyeardelim' in context 'biblist' already defined, overwriting.
Package biblatex Info: Delimiter 'nonameyeardelim' in context 'bib' already defined, overwriting.
Package biblatex Info: Delimiter 'nonameyeardelim' in context 'biblist' already defined, overwriting.
)
Package biblatex Info: Trying to load citation style 'apa'...
Package biblatex Info: ... file 'apa.cbx' found.
 (C:\Users\Marti\AppData\Local\Programs\MiKTeX\tex/latex/biblatex-apa\apa.cbx
File: apa.cbx 2023/03/20 v9.17 APA biblatex citation style
Package biblatex Info: Delimiter 'nameyeardelim' in context '' already defined, overwriting.
Package biblatex Info: Delimiter 'andothersdelim' in context '' already defined, overwriting.
Package biblatex Info: Redefining '\fullcite'.
Package biblatex Info: Redefining '\citeauthor'.
Package biblatex Info: Redefining '\citeyear'.
Package biblatex Info: Redefining '\cite'.
Package biblatex Info: Redefining '\cites'.
Package biblatex Info: Redefining '\parencite'.
Package biblatex Info: Redefining '\parencites'.
Package biblatex Info: Redefining '\footcite'.
Package biblatex Info: Redefining '\footcites'.
Package biblatex Info: Redefining '\footcitetext'.
Package biblatex Info: Redefining '\footcitetexts'.
Package biblatex Info: Redefining '\smartcite'.
Package biblatex Info: Redefining '\smartcites'.
Package biblatex Info: Redefining '\textcite'.
Package biblatex Info: Redefining '\textcites'.
)
Package biblatex Info: Trying to load configuration file...
Package biblatex Info: ... file 'biblatex.cfg' found.
 (C:\Users\Marti\AppData\Local\Programs\MiKTeX\tex/latex/biblatex\biblatex.cfg
File: biblatex.cfg 
)
Package biblatex Info: Input encoding 'utf8' detected.
Package biblatex Info: Document encoding is UTF8 ....
 (C:\Users\Marti\AppData\Local\Programs\MiKTeX\tex/latex/l3kernel\expl3.sty
Package: expl3 2024-10-09 L3 programming layer (loader) 
 (C:\Users\Marti\AppData\Local\Programs\MiKTeX\tex/latex/l3backend\l3backend-pdftex.def
File: l3backend-pdftex.def 2024-05-08 L3 backend support: PDF output (pdfTeX)
\l__color_backend_stack_int=\count442
\l__pdf_internal_box=\box61
))
Package biblatex Info: ... and expl3
(biblatex)             2024-10-09 L3 programming layer (loader) 
(biblatex)             is new enough (at least 2020/04/06),
(biblatex)             setting 'casechanger=expl3'.
 (C:\Users\Marti\AppData\Local\Programs\MiKTeX\tex/latex/biblatex\blx-case-expl3.sty (C:\Users\Marti\AppData\Local\Programs\MiKTeX\tex/latex/l3packages/xparse\xparse.sty
Package: xparse 2024-08-16 L3 Experimental document command parser
)
Package: blx-case-expl3 2024/03/21 v3.20 expl3 case changing code for biblatex
)) (C:\Users\Marti\AppData\Local\Programs\MiKTeX\tex/latex/tocloft\tocloft.sty
Package: tocloft 2017/08/31 v2.3i parameterised ToC, etc., typesetting
Package tocloft Info: The document has section divisions on input line 51.
\cftparskip=\skip82
\cftbeforetoctitleskip=\skip83
\cftaftertoctitleskip=\skip84
\cftbeforepartskip=\skip85
\cftpartnumwidth=\skip86
\cftpartindent=\skip87
\cftbeforesecskip=\skip88
\cftsecindent=\skip89
\cftsecnumwidth=\skip90
\cftbeforesubsecskip=\skip91
\cftsubsecindent=\skip92
\cftsubsecnumwidth=\skip93
\cftbeforesubsubsecskip=\skip94
\cftsubsubsecindent=\skip95
\cftsubsubsecnumwidth=\skip96
\cftbeforeparaskip=\skip97
\cftparaindent=\skip98
\cftparanumwidth=\skip99
\cftbeforesubparaskip=\skip100
\cftsubparaindent=\skip101
\cftsubparanumwidth=\skip102
\cftbeforeloftitleskip=\skip103
\cftafterloftitleskip=\skip104
\cftbeforefigskip=\skip105
\cftfigindent=\skip106
\cftfignumwidth=\skip107
\c@lofdepth=\count443
\c@lotdepth=\count444
\cftbeforelottitleskip=\skip108
\cftafterlottitleskip=\skip109
\cftbeforetabskip=\skip110
\cfttabindent=\skip111
\cfttabnumwidth=\skip112
) (C:\Users\Marti\AppData\Local\Programs\MiKTeX\tex/latex/tools\verbatim.sty
Package: verbatim 2024-01-22 v1.5x LaTeX2e package for verbatim enhancements
\every@verbatim=\toks34
\verbatim@line=\toks35
\verbatim@in@stream=\read4
)
Package csquotes Info: Checking for multilingual support...
Package csquotes Info: ... found 'babel' package.
Package csquotes Info: Adjusting default style.
Package csquotes Info: Redefining alias 'default' -> 'portuguese'.
 (Relatorio.aux

LaTeX Warning: Label `fig:InterfaceCA1e2' multiply defined.

)
\openout1 = `Relatorio.aux'.

LaTeX Font Info:    Checking defaults for OML/cmm/m/it on input line 30.
LaTeX Font Info:    ... okay on input line 30.
LaTeX Font Info:    Checking defaults for OMS/cmsy/m/n on input line 30.
LaTeX Font Info:    ... okay on input line 30.
LaTeX Font Info:    Checking defaults for OT1/cmr/m/n on input line 30.
LaTeX Font Info:    ... okay on input line 30.
LaTeX Font Info:    Checking defaults for T1/cmr/m/n on input line 30.
LaTeX Font Info:    ... okay on input line 30.
LaTeX Font Info:    Checking defaults for TS1/cmr/m/n on input line 30.
LaTeX Font Info:    ... okay on input line 30.
LaTeX Font Info:    Checking defaults for OMX/cmex/m/n on input line 30.
LaTeX Font Info:    ... okay on input line 30.
LaTeX Font Info:    Checking defaults for U/cmr/m/n on input line 30.
LaTeX Font Info:    ... okay on input line 30.
LaTeX Font Info:    Checking defaults for PD1/pdf/m/n on input line 30.
LaTeX Font Info:    ... okay on input line 30.
LaTeX Font Info:    Checking defaults for PU/pdf/m/n on input line 30.
LaTeX Font Info:    ... okay on input line 30.
 (C:\Users\Marti\AppData\Local\Programs\MiKTeX\tex/context/base/mkii\supp-pdf.mkii
[Loading MPS to PDF converter (version 2006.09.02).]
\scratchcounter=\count445
\scratchdimen=\dimen184
\scratchbox=\box62
\nofMPsegments=\count446
\nofMParguments=\count447
\everyMPshowfont=\toks36
\MPscratchCnt=\count448
\MPscratchDim=\dimen185
\MPnumerator=\count449
\makeMPintoPDFobject=\count450
\everyMPtoPDFconversion=\toks37
) (C:\Users\Marti\AppData\Local\Programs\MiKTeX\tex/latex/epstopdf-pkg\epstopdf-base.sty
Package: epstopdf-base 2020-01-24 v2.11 Base part for package epstopdf
Package epstopdf-base Info: Redefining graphics rule for `.eps' on input line 485.
 (C:\Users\Marti\AppData\Local\Programs\MiKTeX\tex/latex/00miktex\epstopdf-sys.cfg
File: epstopdf-sys.cfg 2021/03/18 v2.0 Configuration of epstopdf for MiKTeX
))
Package hyperref Info: Link coloring OFF on input line 30.
 (Relatorio.out) (Relatorio.out)
\@outlinefile=\write4
\openout4 = `Relatorio.out'.

Package biblatex Info: Trying to load language 'portuguese' -> 'portuguese-apa'...
Package biblatex Info: ... file 'portuguese-apa.lbx' found.
 (C:\Users\Marti\AppData\Local\Programs\MiKTeX\tex/latex/biblatex-apa\portuguese-apa.lbx
File: portuguese-apa.lbx 2023/03/20 v9.17 APA biblatex localisation
Package biblatex Info: Trying to load language 'portuguese'...
Package biblatex Info: ... file 'portuguese.lbx' found.
 (C:\Users\Marti\AppData\Local\Programs\MiKTeX\tex/latex/biblatex/lbx\portuguese.lbx
File: portuguese.lbx 2024/03/21 v3.20 biblatex localization (PK/MW)
)
Package biblatex Info: Trying to load language 'portuguese'...
Package biblatex Info: ... file 'portuguese.lbx' found.
 (C:\Users\Marti\AppData\Local\Programs\MiKTeX\tex/latex/biblatex/lbx\portuguese.lbx
File: portuguese.lbx 2024/03/21 v3.20 biblatex localization (PK/MW)
))
Package biblatex Info: Input encoding 'utf8' detected.
Package biblatex Info: Automatic encoding selection.
(biblatex)             Assuming data encoding 'utf8'.
\openout3 = `Relatorio.bcf'.

Package biblatex Info: Trying to load bibliographic data...
Package biblatex Info: ... file 'Relatorio.bbl' found.
 (Relatorio.bbl

Package biblatex Warning: Biber reported the following issues
(biblatex)                with 'javascript':
(biblatex)                - online entry 'javascript' (Recursos/referencias.bib): Invalid format '2025-01-9' of date field 'urldate' - ignoring.


Package biblatex Warning: Biber reported the following issues
(biblatex)                with 'javascript':
(biblatex)                - online entry 'javascript' (Recursos/referencias.bib): Invalid format '2025-01-9' of date field 'urldate' - ignoring.

)
Package biblatex Info: Reference section=0 on input line 30.
Package biblatex Info: Reference segment=0 on input line 30.
<Recursos/Logos/LOGO_IPB.png, id=161, 646.415pt x 499.8675pt>
File: Recursos/Logos/LOGO_IPB.png Graphic file (type png)
<use Recursos/Logos/LOGO_IPB.png>
Package pdftex.def Info: Recursos/Logos/LOGO_IPB.png  used on input line 34.
(pdftex.def)             Requested size: 172.5pt x 133.38716pt.
<Recursos/Logos/IPBejaESTIG.jpg, id=162, 501.875pt x 301.125pt>
File: Recursos/Logos/IPBejaESTIG.jpg Graphic file (type jpg)
<use Recursos/Logos/IPBejaESTIG.jpg>
Package pdftex.def Info: Recursos/Logos/IPBejaESTIG.jpg  used on input line 47.
(pdftex.def)             Requested size: 172.5pt x 103.50226pt.


[1

{C:/Users/Marti/AppData/Local/MiKTeX/fonts/map/pdftex/pdftex.map} <./Recursos/Logos/LOGO_IPB.png> <./Recursos/Logos/IPBejaESTIG.jpg>]


pdfTeX warning (ext4): destination with the same identifier (name{page.1}) has been already used, duplicate ignored
<to be read again> 
                   \relax 
l.74 \end{titlepage}
                     [1] (Relatorio.toc


pdfTeX warning (ext4): destination with the same identifier (name{page.1}) has been already used, duplicate ignored
<to be read again> 
                   \relax 
l.33 ...ntes de Programa莽茫o}{21}{subsection.8.6}
                                                  % [1])
\tf@toc=\write5
\openout5 = `Relatorio.toc'.

 (Relatorio.lof)
\tf@lof=\write6
\openout6 = `Relatorio.lof'.



[2]

[3]

[4]
<Recursos/Imagens/DiagramaCasoUso.png, id=254, 235.1184pt x 214.8828pt>
File: Recursos/Imagens/DiagramaCasoUso.png Graphic file (type png)
<use Recursos/Imagens/DiagramaCasoUso.png>
Package pdftex.def Info: Recursos/Imagens/DiagramaCasoUso.png  used on input line 124.
(pdftex.def)             Requested size: 345.0pt x 315.33945pt.

Underfull \hbox (badness 1337) in paragraph at lines 141--141
[]|\OT1/cmr/m/n/10 O anime ^^Se exi-bido com de-ta-lhes como si-nopse,
 []



[5
pdfTeX warning (ext4): destination with the same identifier (name{figure.1}) has been already used, duplicate ignored
<argument> ...shipout:D \box_use:N \l_shipout_box 
                                                  \__shipout_drop_firstpage_...
l.146 
       <./Recursos/Imagens/DiagramaCasoUso.png>]
Underfull \hbox (badness 10000) in paragraph at lines 159--159
[]|\OT1/cmr/bx/n/10 Cen^^Sario
 []


Underfull \hbox (badness 10000) in paragraph at lines 159--159
[]|\OT1/cmr/bx/n/10 Situa^^Xc~ao de
 []



[6
pdfTeX warning (ext4): destination with the same identifier (name{table.1}) has been already used, duplicate ignored
<argument> ...shipout:D \box_use:N \l_shipout_box 
                                                  \__shipout_drop_firstpage_...
l.163 
      ]
Overfull \hbox (9.09865pt too wide) in paragraph at lines 165--165
|[]\OT1/cmr/bx/n/12 Caso de Uso N\TS1/cmr/bx/n/12 \OT1/cmr/bx/n/12 3 - Con-sul-tar o Per-fil de ou-tro []| 
 []


Underfull \hbox (badness 10000) in paragraph at lines 176--176
[]|\OT1/cmr/bx/n/10 Cen^^Sario
 []


Underfull \hbox (badness 10000) in paragraph at lines 176--176
[]|\OT1/cmr/bx/n/10 Situa^^Xc~ao de
 []


Underfull \hbox (badness 10000) in paragraph at lines 193--193
[]|\OT1/cmr/bx/n/10 Situa^^Xc~ao de
 []



[7
pdfTeX warning (ext4): destination with the same identifier (name{table.2}) has been already used, duplicate ignored
<argument> ...shipout:D \box_use:N \l_shipout_box 
                                                  \__shipout_drop_firstpage_...
l.197 
      
pdfTeX warning (ext4): destination with the same identifier (name{table.3}) has been already used, duplicate ignored
<argument> ...shipout:D \box_use:N \l_shipout_box 
                                                  \__shipout_drop_firstpage_...
l.197 
      ]
Underfull \hbox (badness 10000) in paragraph at lines 210--210
[]|\OT1/cmr/bx/n/10 Cen^^Sario
 []


Underfull \hbox (badness 10000) in paragraph at lines 210--210
[]|\OT1/cmr/bx/n/10 Situa^^Xc~ao de
 []



[8
pdfTeX warning (ext4): destination with the same identifier (name{table.4}) has been already used, duplicate ignored
<argument> ...shipout:D \box_use:N \l_shipout_box 
                                                  \__shipout_drop_firstpage_...
l.214 \newpage
              
pdfTeX warning (ext4): destination with the same identifier (name{table.5}) has been already used, duplicate ignored
<argument> ...shipout:D \box_use:N \l_shipout_box 
                                                  \__shipout_drop_firstpage_...
l.214 \newpage
              ]
<Recursos/Imagens/DiagramaER.png, id=279, 620.3175pt x 402.00188pt>
File: Recursos/Imagens/DiagramaER.png Graphic file (type png)
<use Recursos/Imagens/DiagramaER.png>
Package pdftex.def Info: Recursos/Imagens/DiagramaER.png  used on input line 227.
(pdftex.def)             Requested size: 345.0pt x 223.57986pt.

Overfull \hbox (42.67912pt too wide) in paragraph at lines 227--227
[][] 
 []



[9 <./Recursos/Imagens/DiagramaER.png>]
<Recursos/Imagens/ModeloFisico.png, id=285, 526.21594pt x 474.27188pt>
File: Recursos/Imagens/ModeloFisico.png Graphic file (type png)
<use Recursos/Imagens/ModeloFisico.png>
Package pdftex.def Info: Recursos/Imagens/ModeloFisico.png  used on input line 242.
(pdftex.def)             Requested size: 345.0pt x 310.95792pt.


[10]

[11
pdfTeX warning (ext4): destination with the same identifier (name{figure.2}) has been already used, duplicate ignored
<argument> ...shipout:D \box_use:N \l_shipout_box 
                                                  \__shipout_drop_firstpage_...
l.246 \newpage
               <./Recursos/Imagens/ModeloFisico.png>]
<Recursos/Imagens/Storyboard.png, id=296, 483.7272pt x 497.2176pt>
File: Recursos/Imagens/Storyboard.png Graphic file (type png)
<use Recursos/Imagens/Storyboard.png>
Package pdftex.def Info: Recursos/Imagens/Storyboard.png  used on input line 255.
(pdftex.def)             Requested size: 259.64174pt x 266.88507pt.


[12 <./Recursos/Imagens/Storyboard.png>]
<Recursos/Imagens/InterfaceCA1e2.png, id=302, 790.152pt x 422.17725pt>
File: Recursos/Imagens/InterfaceCA1e2.png Graphic file (type png)
<use Recursos/Imagens/InterfaceCA1e2.png>
Package pdftex.def Info: Recursos/Imagens/InterfaceCA1e2.png  used on input line 264.
(pdftex.def)             Requested size: 276.00105pt x 147.46791pt.
File: Recursos/Imagens/InterfaceCA1e2.png Graphic file (type png)
<use Recursos/Imagens/InterfaceCA1e2.png>
Package pdftex.def Info: Recursos/Imagens/InterfaceCA1e2.png  used on input line 273.
(pdftex.def)             Requested size: 276.00105pt x 147.46791pt.
<Recursos/Imagens/InterfaceCA3.png, id=303, 757.6305pt x 422.7795pt>
File: Recursos/Imagens/InterfaceCA3.png Graphic file (type png)
<use Recursos/Imagens/InterfaceCA3.png>
Package pdftex.def Info: Recursos/Imagens/InterfaceCA3.png  used on input line 283.
(pdftex.def)             Requested size: 276.00105pt x 154.01324pt.


[13
pdfTeX warning (ext4): destination with the same identifier (name{figure.3}) has been already used, duplicate ignored
<argument> ...shipout:D \box_use:N \l_shipout_box 
                                                  \__shipout_drop_firstpage_...
l.286 \end{figure}
                  
pdfTeX warning (ext4): destination with the same identifier (name{figure.4}) has been already used, duplicate ignored
<argument> ...shipout:D \box_use:N \l_shipout_box 
                                                  \__shipout_drop_firstpage_...
l.286 \end{figure}
                   <./Recursos/Imagens/InterfaceCA1e2.png>]
<Recursos/Imagens/InterfaceCA4.png, id=309, 1026.83624pt x 424.58624pt>
File: Recursos/Imagens/InterfaceCA4.png Graphic file (type png)
<use Recursos/Imagens/InterfaceCA4.png>
Package pdftex.def Info: Recursos/Imagens/InterfaceCA4.png  used on input line 293.
(pdftex.def)             Requested size: 276.00105pt x 114.12152pt.
<Recursos/Imagens/InterfaceCA5.png, id=310, 160.4394pt x 197.0562pt>
File: Recursos/Imagens/InterfaceCA5.png Graphic file (type png)
<use Recursos/Imagens/InterfaceCA5.png>
Package pdftex.def Info: Recursos/Imagens/InterfaceCA5.png  used on input line 304.
(pdftex.def)             Requested size: 276.00105pt x 338.99318pt.


[14
pdfTeX warning (ext4): destination with the same identifier (name{figure.5}) has been already used, duplicate ignored
<argument> ...shipout:D \box_use:N \l_shipout_box 
                                                  \__shipout_drop_firstpage_...
l.307 \end{figure}
                  
pdfTeX warning (ext4): destination with the same identifier (name{figure.6}) has been already used, duplicate ignored
<argument> ...shipout:D \box_use:N \l_shipout_box 
                                                  \__shipout_drop_firstpage_...
l.307 \end{figure}
                   <./Recursos/Imagens/InterfaceCA3.png> <./Recursos/Imagens/InterfaceCA4.png>]

[15
pdfTeX warning (ext4): destination with the same identifier (name{figure.7}) has been already used, duplicate ignored
<argument> ...shipout:D \box_use:N \l_shipout_box 
                                                  \__shipout_drop_firstpage_...
l.308 \newpage
               <./Recursos/Imagens/InterfaceCA5.png>]
<Recursos/Imagens/MediaFidelidade1.png, id=322, 844.3545pt x 437.2335pt>
File: Recursos/Imagens/MediaFidelidade1.png Graphic file (type png)
<use Recursos/Imagens/MediaFidelidade1.png>
Package pdftex.def Info: Recursos/Imagens/MediaFidelidade1.png  used on input line 317.
(pdftex.def)             Requested size: 345.0pt x 178.65309pt.
<Recursos/Imagens/MediaFidelidade2.png, id=323, 812.43526pt x 444.4605pt>
File: Recursos/Imagens/MediaFidelidade2.png Graphic file (type png)
<use Recursos/Imagens/MediaFidelidade2.png>
Package pdftex.def Info: Recursos/Imagens/MediaFidelidade2.png  used on input line 318.
(pdftex.def)             Requested size: 345.0pt x 188.74062pt.


[16
pdfTeX warning (ext4): destination with the same identifier (name{figure.8}) has been already used, duplicate ignored
<argument> ...shipout:D \box_use:N \l_shipout_box 
                                                  \__shipout_drop_firstpage_...
l.322 \newpage
               <./Recursos/Imagens/MediaFidelidade1.png> <./Recursos/Imagens/MediaFidelidade2.png>]
Underfull \hbox (badness 10000) in paragraph at lines 326--335

 []

<Recursos/Imagens/InterfaceCA5Melhoria.png, id=330, 732.48656pt x 157.33781pt>
File: Recursos/Imagens/InterfaceCA5Melhoria.png Graphic file (type png)
<use Recursos/Imagens/InterfaceCA5Melhoria.png>
Package pdftex.def Info: Recursos/Imagens/InterfaceCA5Melhoria.png  used on input line 337.
(pdftex.def)             Requested size: 345.0pt x 74.10722pt.


[17
pdfTeX warning (ext4): destination with the same identifier (name{figure.9}) has been already used, duplicate ignored
<argument> ...shipout:D \box_use:N \l_shipout_box 
                                                  \__shipout_drop_firstpage_...
l.343 \newpage
               <./Recursos/Imagens/InterfaceCA5Melhoria.png>]
<Recursos/Imagens/DeploymentDiagram.png, id=337, 579.66562pt x 402.00188pt>
File: Recursos/Imagens/DeploymentDiagram.png Graphic file (type png)
<use Recursos/Imagens/DeploymentDiagram.png>
Package pdftex.def Info: Recursos/Imagens/DeploymentDiagram.png  used on input line 354.
(pdftex.def)             Requested size: 345.0pt x 239.25848pt.


[18
pdfTeX warning (ext4): destination with the same identifier (name{figure.10}) has been already used, duplicate ignored
<argument> ...shipout:D \box_use:N \l_shipout_box 
                                                  \__shipout_drop_firstpage_...
l.364 \newpage
               <./Recursos/Imagens/DeploymentDiagram.png>]
Overfull \hbox (1.99951pt too wide) in paragraph at lines 376--382
\OT1/cmr/m/n/10 para im-ple-men-tar a API e a base de da-dos, o grupo de-ci-diu mu-dar para ASP.NET
 []



[19]

[20]

[21]

Package hyperref Warning: The anchor of a bookmark and its parent's must not
(hyperref)                be the same. Added a new anchor on input line 466.



[22]
Overfull \hbox (91.49574pt too wide) in paragraph at lines 486--486
[]                \OT1/cmtt/m/n/10 <button class="btn btn-danger btn-sm remove-anime-btn"[] 
 []


Underfull \hbox (badness 10000) in paragraph at lines 476--495

 []



[23]
Overfull \hbox (17.99638pt too wide) in paragraph at lines 505--505
[]        \OT1/cmtt/m/n/10 var ratings = await _context.UserListAvaliations[] 
 []


Overfull \hbox (59.99602pt too wide) in paragraph at lines 509--509
[]        \OT1/cmtt/m/n/10 var averageRating = ratings.Any() ? ratings.Average(r =>[] 
 []



[24]
Overfull \hbox (2.99362pt too wide) in paragraph at lines 534--534
[][]\OT1/cmr/m/n/10 Bootstrap. (2023). \OT1/cmr/m/it/10 Bo-ots-trap\OT1/cmr/m/n/10 . Ob-tido se-tem-bro 13, 2023, de []$https : / / getbootstrap .
 []


Overfull \hbox (9.90387pt too wide) in paragraph at lines 534--534
[][]\OT1/cmr/m/n/10 Bruno, L. (2025). \OT1/cmr/m/it/10 P^^Sagina da Uni-dade Cur-ri-cu-lar de De-sen-vol-vi-mento de Aplica^^Xc~oes
 []



[25

] (Relatorio.aux)
 ***********
LaTeX2e <2024-06-01> patch level 2
L3 programming layer <2024-10-09>
 ***********


LaTeX Warning: There were multiply-defined labels.

Package rerunfilecheck Info: File `Relatorio.out' has not changed.
(rerunfilecheck)             Checksum: D901000FD2FF43B1A7EF34082BA30F7A;8718.
Package logreq Info: Writing requests to 'Relatorio.run.xml'.
\openout1 = `Relatorio.run.xml'.

 ) 
Here is how much of TeX's memory you used:
 21411 strings out of 473897
 380969 string characters out of 5726462
 1306582 words of memory out of 5000000
 43952 multiletter control sequences out of 15000+600000
 561231 words of font info for 47 fonts, out of 8000000 for 9000
 1141 hyphenation exceptions out of 8191
 75i,12n,81p,1264b,2901s stack positions out of 10000i,1000n,20000p,200000b,200000s
 <C:\Users\Marti\AppData\Local\MiKTeX\fonts/pk/ljfour/jknappen/ec/dpi600\tcbx1200.pk> <C:\Users\Marti\AppData\Local\MiKTeX\fonts/pk/ljfour/jknappen/ec/dpi600\tcrm1000.pk><C:/Users/Marti/AppData/Local/Programs/MiKTeX/fonts/type1/public/amsfonts/cm/cmbx10.pfb><C:/Users/Marti/AppData/Local/Programs/MiKTeX/fonts/type1/public/amsfonts/cm/cmbx12.pfb><C:/Users/Marti/AppData/Local/Programs/MiKTeX/fonts/type1/public/amsfonts/cm/cmr10.pfb><C:/Users/Marti/AppData/Local/Programs/MiKTeX/fonts/type1/public/amsfonts/cm/cmti10.pfb><C:/Users/Marti/AppData/Local/Programs/MiKTeX/fonts/type1/public/amsfonts/cm/cmtt10.pfb>
Output written on Relatorio.pdf (27 pages, 2131236 bytes).
PDF statistics:
 456 PDF objects out of 1000 (max. 8388607)
 87 named destinations out of 1000 (max. 500000)
 391 words of extra memory for PDF output out of 10000 (max. 10000000)

