\BOOKMARK [1][-]{section.1}{\376\377\000I\000n\000t\000r\000o\000d\000u\000\347\000\343\000o}{}% 1
\BOOKMARK [1][-]{section.2}{\376\377\000A\000n\000\341\000l\000i\000s\000e\000\040\000d\000o\000\040\000S\000i\000s\000t\000e\000m\000a}{}% 2
\BOOKMARK [1][-]{section.3}{\376\377\000C\000a\000r\000a\000c\000t\000e\000r\000i\000z\000a\000\347\000\343\000o\000\040\000d\000o\000s\000\040\000A\000t\000o\000r\000e\000s}{}% 3
\BOOKMARK [2][-]{subsection.3.1}{\376\377\000P\000e\000r\000s\000o\000n\000a\000\040\000N\000\272\0001\000\040\000-\000\040\000M\000i\000g\000u\000e\000l\000\040\000S\000i\000l\000v\000a}{section.3}% 4
\BOOKMARK [2][-]{subsection.3.2}{\376\377\000P\000e\000r\000s\000o\000n\000a\000\040\000N\000\272\0002\000\040\000-\000\040\000C\000a\000t\000a\000r\000i\000n\000a\000\040\000S\000i\000l\000v\000e\000s\000t\000r\000e}{section.3}% 5
\BOOKMARK [1][-]{section.4}{\376\377\000D\000i\000a\000g\000r\000a\000m\000a\000\040\000d\000e\000\040\000C\000a\000s\000o\000s\000\040\000d\000e\000\040\000U\000s\000o}{}% 6
\BOOKMARK [2][-]{subsection.4.1}{\376\377\000C\000a\000s\000o\000\040\000d\000e\000\040\000U\000s\000o\000\040\000N\000\272\0001\000\040\000-\000\040\000C\000o\000n\000s\000u\000l\000t\000a\000r\000\040\000A\000n\000i\000m\000e\000s}{section.4}% 7
\BOOKMARK [2][-]{subsection.4.2}{\376\377\000C\000a\000s\000o\000\040\000d\000e\000\040\000U\000s\000o\000\040\000N\000\272\0002\000\040\000-\000\040\000A\000d\000i\000c\000i\000o\000n\000a\000r\000\040\000A\000n\000i\000m\000e\000s\000\040\000a\000\040\000u\000m\000a\000\040\000L\000i\000s\000t\000a}{section.4}% 8
\BOOKMARK [2][-]{subsection.4.3}{\376\377\000C\000a\000s\000o\000\040\000d\000e\000\040\000U\000s\000o\000\040\000N\000\272\0003\000\040\000-\000\040\000C\000o\000n\000s\000u\000l\000t\000a\000r\000\040\000o\000\040\000P\000e\000r\000f\000i\000l\000\040\000d\000e\000\040\000o\000u\000t\000r\000o\000\040\000U\000t\000i\000l\000i\000z\000a\000d\000o\000r}{section.4}% 9
\BOOKMARK [2][-]{subsection.4.4}{\376\377\000C\000a\000s\000o\000\040\000d\000e\000\040\000U\000s\000o\000\040\000N\000\272\0004\000\040\000-\000\040\000A\000v\000a\000l\000i\000a\000r\000\040\000u\000m\000a\000\040\000L\000i\000s\000t\000a\000\040\000d\000e\000\040\000A\000n\000i\000m\000e\000s\000\040\000d\000e\000\040\000o\000u\000t\000r\000o\000\040\000U\000t\000i\000l\000i\000z\000a\000d\000o\000r}{section.4}% 10
\BOOKMARK [2][-]{subsection.4.5}{\376\377\000C\000a\000s\000o\000\040\000d\000e\000\040\000U\000s\000o\000\040\000N\000\272\0005\000\040\000\050\000P\000a\000r\000t\000i\000l\000h\000a\000d\000o\000\051\000\040\000-\000\040\000V\000i\000s\000u\000a\000l\000i\000z\000a\000r\000\040\000o\000s\000\040\000a\000n\000i\000m\000e\000s\000\040\000c\000o\000m\000\040\000m\000e\000l\000h\000o\000r\000\040\000a\000v\000a\000l\000i\000a\000\347\000\343\000o}{section.4}% 11
\BOOKMARK [1][-]{section.5}{\376\377\000D\000e\000s\000e\000n\000h\000o\000\040\000d\000o\000\040\000S\000i\000s\000t\000e\000m\000a}{}% 12
\BOOKMARK [2][-]{subsection.5.1}{\376\377\000M\000o\000d\000e\000l\000a\000\347\000\343\000o\000\040\000d\000a\000\040\000B\000a\000s\000e\000\040\000d\000e\000\040\000D\000a\000d\000o\000s}{section.5}% 13
\BOOKMARK [2][-]{subsection.5.2}{\376\377\000D\000i\000a\000g\000r\000a\000m\000a\000\040\000E\000/\000R}{section.5}% 14
\BOOKMARK [2][-]{subsection.5.3}{\376\377\000M\000o\000d\000e\000l\000o\000\040\000R\000e\000l\000a\000c\000i\000o\000n\000a\000l}{section.5}% 15
\BOOKMARK [2][-]{subsection.5.4}{\376\377\000M\000o\000d\000e\000l\000o\000\040\000F\000\355\000s\000i\000c\000o}{section.5}% 16
\BOOKMARK [1][-]{section.6}{\376\377\000M\000o\000d\000e\000l\000a\000\347\000\343\000o\000\040\000d\000e\000\040\000I\000n\000t\000e\000r\000f\000a\000c\000e\000s\000\040\000G\000r\000\341\000f\000i\000c\000a\000s\000\040\000c\000o\000m\000\040\000o\000\040\000U\000t\000i\000l\000i\000z\000a\000d\000o\000r}{}% 17
\BOOKMARK [2][-]{subsection.6.1}{\376\377\000S\000t\000o\000r\000y\000b\000o\000a\000r\000d\000\050\000s\000\051}{section.6}% 18
\BOOKMARK [2][-]{subsection.6.2}{\376\377\000I\000n\000t\000e\000r\000f\000a\000c\000e\000s\000\040\000d\000o\000\040\000C\000a\000s\000o\000\040\000d\000e\000\040\000U\000s\000o\000\040\0001}{section.6}% 19
\BOOKMARK [2][-]{subsection.6.3}{\376\377\000I\000n\000t\000e\000r\000f\000a\000c\000e\000s\000\040\000d\000o\000\040\000C\000a\000s\000o\000\040\000d\000e\000\040\000U\000s\000o\000\040\0002}{section.6}% 20
\BOOKMARK [2][-]{subsection.6.4}{\376\377\000I\000n\000t\000e\000r\000f\000a\000c\000e\000s\000\040\000d\000o\000\040\000C\000a\000s\000o\000\040\000d\000e\000\040\000U\000s\000o\000\040\0003}{section.6}% 21
\BOOKMARK [2][-]{subsection.6.5}{\376\377\000I\000n\000t\000e\000r\000f\000a\000c\000e\000s\000\040\000d\000o\000\040\000C\000a\000s\000o\000\040\000d\000e\000\040\000U\000s\000o\000\040\0004}{section.6}% 22
\BOOKMARK [2][-]{subsection.6.6}{\376\377\000I\000n\000t\000e\000r\000f\000a\000c\000e\000s\000\040\000d\000o\000\040\000C\000a\000s\000o\000\040\000d\000e\000\040\000U\000s\000o\000\040\0005}{section.6}% 23
\BOOKMARK [2][-]{subsection.6.7}{\376\377\000P\000r\000o\000t\000\363\000t\000i\000p\000o\000\040\000d\000e\000\040\000M\000\351\000d\000i\000a\000\040\000F\000i\000d\000e\000l\000i\000d\000a\000d\000e}{section.6}% 24
\BOOKMARK [1][-]{section.7}{\376\377\000M\000e\000l\000h\000o\000r\000i\000a\000s\000\040\000e\000f\000e\000t\000u\000a\000d\000a\000s\000\040\000n\000a\000\040\000A\000n\000\341\000l\000i\000s\000e\000\040\000e\000\040\000D\000e\000s\000e\000n\000h\000o\000\040\000d\000o\000\040\000S\000i\000s\000t\000e\000m\000a}{}% 25
\BOOKMARK [1][-]{section.8}{\376\377\000I\000m\000p\000l\000e\000m\000e\000n\000t\000a\000\347\000\343\000o}{}% 26
\BOOKMARK [2][-]{subsection.8.1}{\376\377\000A\000r\000q\000u\000i\000t\000e\000t\000u\000r\000a\000\040\000d\000o\000\040\000S\000i\000s\000t\000e\000m\000a}{section.8}% 27
\BOOKMARK [2][-]{subsection.8.2}{\376\377\000T\000e\000c\000n\000o\000l\000o\000g\000i\000a\000s\000\040\000U\000s\000a\000d\000a\000s}{section.8}% 28
\BOOKMARK [2][-]{subsection.8.3}{\376\377\000D\000e\000s\000e\000n\000v\000o\000l\000v\000i\000m\000e\000n\000t\000o\000\040\000d\000a\000\040\000A\000P\000I}{section.8}% 29
\BOOKMARK [2][-]{subsection.8.4}{\376\377\000E\000s\000p\000e\000c\000i\000f\000i\000c\000a\000\347\000\343\000o\000\040\000d\000a\000\040\000I\000n\000t\000e\000r\000f\000a\000c\000e}{section.8}% 30
\BOOKMARK [2][-]{subsection.8.5}{\376\377\000D\000e\000c\000i\000s\000\365\000e\000s\000\040\000d\000e\000\040\000I\000m\000p\000l\000e\000m\000e\000n\000t\000a\000\347\000\343\000o}{section.8}% 31
\BOOKMARK [2][-]{subsection.8.6}{\376\377\000P\000r\000i\000n\000c\000i\000p\000a\000i\000s\000\040\000C\000a\000s\000o\000s\000\040\000R\000e\000l\000e\000v\000a\000n\000t\000e\000s\000\040\000d\000e\000\040\000P\000r\000o\000g\000r\000a\000m\000a\000\347\000\343\000o}{section.8}% 32
\BOOKMARK [1][-]{section.9}{\376\377\000D\000e\000s\000e\000n\000v\000o\000l\000v\000i\000m\000e\000n\000t\000o\000\040\000d\000a\000\040\000A\000p\000p\000\040\000F\000r\000o\000n\000t\000e\000n\000d\000/\000M\000V\000C}{}% 33
\BOOKMARK [2][-]{subsection.9.1}{\376\377\000D\000e\000c\000i\000s\000\365\000e\000s\000\040\000d\000e\000\040\000I\000m\000p\000l\000e\000m\000e\000n\000t\000a\000\347\000\343\000o}{section.9}% 34
\BOOKMARK [2][-]{subsection.9.2}{\376\377\000P\000r\000i\000n\000c\000i\000p\000a\000i\000s\000\040\000C\000a\000s\000o\000s\000\040\000R\000e\000l\000e\000v\000a\000n\000t\000e\000s\000\040\000d\000e\000\040\000P\000r\000o\000g\000r\000a\000m\000a\000\347\000\343\000o}{section.9}% 35
\BOOKMARK [1][-]{section.10}{\376\377\000C\000o\000n\000c\000l\000u\000s\000\343\000o\000\040\000e\000\040\000T\000r\000a\000b\000a\000l\000h\000o\000\040\000F\000u\000t\000u\000r\000o}{}% 36
\BOOKMARK [1][-]{section*.1}{\376\377\000B\000i\000b\000l\000i\000o\000g\000r\000a\000f\000i\000a}{}% 37
